This is XeTeX, Version 3.14159265-2.6-0.99999 (TeX Live 2018/W32TeX) (preloaded format=xelatex 2018.12.21)  22 DEC 2018 15:05
entering extended mode
 restricted \write18 enabled.
 %&-line parsing enabled.
**chap05.tex
(./chap05.tex
LaTeX2e <2018-04-01> patch level 2
Babel <3.18> and hyphenation patterns for 84 language(s) loaded.
! Undefined control sequence.
l.1 \chapter
            {结论}
The control sequence at the end of the top line
of your error message was never \def'ed. If you have
misspelled it (e.g., `\hobx'), type `I' and the correct
spelling (e.g., `I\hbox'). Otherwise just continue,
and I'll forget about whatever was undefined.


! LaTeX Error: Missing \begin{document}.

See the LaTeX manual or LaTeX Companion for explanation.
Type  H <return>  for immediate help.
 ...                                              
                                                  
l.1 \chapter{结
              论}
You're in trouble here.  Try typing  <return>  to proceed.
If that doesn't work, type  X <return>  to quit.

Missing character: There is no 结 in font nullfont!
Missing character: There is no 论 in font nullfont!

Overfull \hbox (20.0pt too wide) in paragraph at lines 1--2
[] 
 []


! LaTeX Error: Missing \begin{document}.

See the LaTeX manual or LaTeX Companion for explanation.
Type  H <return>  for immediate help.
 ...                                              
                                                  
l.3 本
     文构建了误差反向传播神经网络的数学模型，并利用Matlab实现了该数学模型，还将此模型运用到圆形分类问题和双曲线分类问题中。采用三层的神经网络...

You're in trouble here.  Try typing  <return>  to proceed.
If that doesn't work, type  X <return>  to quit.

Missing character: There is no 本 in font nullfont!
Missing character: There is no 文 in font nullfont!
Missing character: There is no 构 in font nullfont!
Missing character: There is no 建 in font nullfont!
Missing character: There is no 了 in font nullfont!
Missing character: There is no 误 in font nullfont!
Missing character: There is no 差 in font nullfont!
Missing character: There is no 反 in font nullfont!
Missing character: There is no 向 in font nullfont!
Missing character: There is no 传 in font nullfont!
Missing character: There is no 播 in font nullfont!
Missing character: There is no 神 in font nullfont!
Missing character: There is no 经 in font nullfont!
Missing character: There is no 网 in font nullfont!
Missing character: There is no 络 in font nullfont!
Missing character: There is no 的 in font nullfont!
Missing character: There is no 数 in font nullfont!
Missing character: There is no 学 in font nullfont!
Missing character: There is no 模 in font nullfont!
Missing character: There is no 型 in font nullfont!
Missing character: There is no ， in font nullfont!
Missing character: There is no 并 in font nullfont!
Missing character: There is no 利 in font nullfont!
Missing character: There is no 用 in font nullfont!
Missing character: There is no M in font nullfont!
Missing character: There is no a in font nullfont!
Missing character: There is no t in font nullfont!
Missing character: There is no l in font nullfont!
Missing character: There is no a in font nullfont!
Missing character: There is no b in font nullfont!
Missing character: There is no 实 in font nullfont!
Missing character: There is no 现 in font nullfont!
Missing character: There is no 了 in font nullfont!
Missing character: There is no 该 in font nullfont!
Missing character: There is no 数 in font nullfont!
Missing character: There is no 学 in font nullfont!
Missing character: There is no 模 in font nullfont!
Missing character: There is no 型 in font nullfont!
Missing character: There is no ， in font nullfont!
Missing character: There is no 还 in font nullfont!
Missing character: There is no 将 in font nullfont!
Missing character: There is no 此 in font nullfont!
Missing character: There is no 模 in font nullfont!
Missing character: There is no 型 in font nullfont!
Missing character: There is no 运 in font nullfont!
Missing character: There is no 用 in font nullfont!
Missing character: There is no 到 in font nullfont!
Missing character: There is no 圆 in font nullfont!
Missing character: There is no 形 in font nullfont!
Missing character: There is no 分 in font nullfont!
Missing character: There is no 类 in font nullfont!
Missing character: There is no 问 in font nullfont!
Missing character: There is no 题 in font nullfont!
Missing character: There is no 和 in font nullfont!
Missing character: There is no 双 in font nullfont!
Missing character: There is no 曲 in font nullfont!
Missing character: There is no 线 in font nullfont!
Missing character: There is no 分 in font nullfont!
Missing character: There is no 类 in font nullfont!
Missing character: There is no 问 in font nullfont!
Missing character: There is no 题 in font nullfont!
Missing character: There is no 中 in font nullfont!
Missing character: There is no 。 in font nullfont!
Missing character: There is no 采 in font nullfont!
Missing character: There is no 用 in font nullfont!
Missing character: There is no 三 in font nullfont!
Missing character: There is no 层 in font nullfont!
Missing character: There is no 的 in font nullfont!
Missing character: There is no 神 in font nullfont!
Missing character: There is no 经 in font nullfont!
Missing character: There is no 网 in font nullfont!
Missing character: There is no 络 in font nullfont!
Missing character: There is no 模 in font nullfont!
Missing character: There is no 型 in font nullfont!
Missing character: There is no 进 in font nullfont!
Missing character: There is no 行 in font nullfont!
Missing character: There is no 研 in font nullfont!
Missing character: There is no 究 in font nullfont!
Missing character: There is no ， in font nullfont!
Missing character: There is no 分 in font nullfont!
Missing character: There is no 别 in font nullfont!
Missing character: There is no 为 in font nullfont!
Missing character: There is no 输 in font nullfont!
Missing character: There is no 入 in font nullfont!
Missing character: There is no 层 in font nullfont!
Missing character: There is no 、 in font nullfont!
Missing character: There is no 隐 in font nullfont!
Missing character: There is no 含 in font nullfont!
Missing character: There is no 层 in font nullfont!
Missing character: There is no 和 in font nullfont!
Missing character: There is no 输 in font nullfont!
Missing character: There is no 出 in font nullfont!
Missing character: There is no 层 in font nullfont!
Missing character: There is no 。 in font nullfont!
Missing character: There is no 其 in font nullfont!
Missing character: There is no 中 in font nullfont!
Missing character: There is no ， in font nullfont!
Missing character: There is no 将 in font nullfont!
Missing character: There is no 点 in font nullfont!
Missing character: There is no 的 in font nullfont!
Missing character: There is no 两 in font nullfont!
Missing character: There is no 个 in font nullfont!
Missing character: There is no 位 in font nullfont!
Missing character: There is no 置 in font nullfont!
Missing character: There is no 分 in font nullfont!
Missing character: There is no 量 in font nullfont!
Missing character: There is no 作 in font nullfont!
Missing character: There is no 为 in font nullfont!
Missing character: There is no 模 in font nullfont!
Missing character: There is no 型 in font nullfont!
Missing character: There is no 输 in font nullfont!
Missing character: There is no 入 in font nullfont!
Missing character: There is no 层 in font nullfont!
Missing character: There is no 的 in font nullfont!
Missing character: There is no 输 in font nullfont!
Missing character: There is no 入 in font nullfont!
Missing character: There is no 向 in font nullfont!
Missing character: There is no 量 in font nullfont!
Missing character: There is no ， in font nullfont!
Missing character: There is no 采 in font nullfont!
Missing character: There is no 用 in font nullfont!
LaTeX Font Info:    External font `cmex10' loaded for size
(Font)              <7> on input line 3.
LaTeX Font Info:    External font `cmex10' loaded for size
(Font)              <5> on input line 3.
Missing character: There is no 为 in font nullfont!
Missing character: There is no 激 in font nullfont!
Missing character: There is no 活 in font nullfont!
Missing character: There is no 函 in font nullfont!
Missing character: There is no 数 in font nullfont!
Missing character: There is no 。 in font nullfont!

Overfull \hbox (55.53845pt too wide) in paragraph at lines 3--4
[]$\OML/cmm/m/it/10 sigmoid$ 
 []


! LaTeX Error: Missing \begin{document}.

See the LaTeX manual or LaTeX Companion for explanation.
Type  H <return>  for immediate help.
 ...                                              
                                                  
l.5 通
     过不断地训练，两个问题的正确率均能达到$99\%$以上，且具有良好的性能，但在分类图形的边界上错误率较高。能够较好地解决这类分类问题。在训练过...

You're in trouble here.  Try typing  <return>  to proceed.
If that doesn't work, type  X <return>  to quit.

Missing character: There is no 通 in font nullfont!
Missing character: There is no 过 in font nullfont!
Missing character: There is no 不 in font nullfont!
Missing character: There is no 断 in font nullfont!
Missing character: There is no 地 in font nullfont!
Missing character: There is no 训 in font nullfont!
Missing character: There is no 练 in font nullfont!
Missing character: There is no ， in font nullfont!
Missing character: There is no 两 in font nullfont!
Missing character: There is no 个 in font nullfont!
Missing character: There is no 问 in font nullfont!
Missing character: There is no 题 in font nullfont!
Missing character: There is no 的 in font nullfont!
Missing character: There is no 正 in font nullfont!
Missing character: There is no 确 in font nullfont!
Missing character: There is no 率 in font nullfont!
Missing character: There is no 均 in font nullfont!
Missing character: There is no 能 in font nullfont!
Missing character: There is no 达 in font nullfont!
Missing character: There is no 到 in font nullfont!
Missing character: There is no 以 in font nullfont!
Missing character: There is no 上 in font nullfont!
Missing character: There is no ， in font nullfont!
Missing character: There is no 且 in font nullfont!
Missing character: There is no 具 in font nullfont!
Missing character: There is no 有 in font nullfont!
Missing character: There is no 良 in font nullfont!
Missing character: There is no 好 in font nullfont!
Missing character: There is no 的 in font nullfont!
Missing character: There is no 性 in font nullfont!
Missing character: There is no 能 in font nullfont!
Missing character: There is no ， in font nullfont!
Missing character: There is no 但 in font nullfont!
Missing character: There is no 在 in font nullfont!
Missing character: There is no 分 in font nullfont!
Missing character: There is no 类 in font nullfont!
Missing character: There is no 图 in font nullfont!
Missing character: There is no 形 in font nullfont!
Missing character: There is no 的 in font nullfont!
Missing character: There is no 边 in font nullfont!
Missing character: There is no 界 in font nullfont!
Missing character: There is no 上 in font nullfont!
Missing character: There is no 错 in font nullfont!
Missing character: There is no 误 in font nullfont!
Missing character: There is no 率 in font nullfont!
Missing character: There is no 较 in font nullfont!
Missing character: There is no 高 in font nullfont!
Missing character: There is no 。 in font nullfont!
Missing character: There is no 能 in font nullfont!
Missing character: There is no 够 in font nullfont!
Missing character: There is no 较 in font nullfont!
Missing character: There is no 好 in font nullfont!
Missing character: There is no 地 in font nullfont!
Missing character: There is no 解 in font nullfont!
Missing character: There is no 决 in font nullfont!
Missing character: There is no 这 in font nullfont!
Missing character: There is no 类 in font nullfont!
Missing character: There is no 分 in font nullfont!
Missing character: There is no 类 in font nullfont!
Missing character: There is no 问 in font nullfont!
Missing character: There is no 题 in font nullfont!
Missing character: There is no 。 in font nullfont!
Missing character: There is no 在 in font nullfont!
Missing character: There is no 训 in font nullfont!
Missing character: There is no 练 in font nullfont!
Missing character: There is no 过 in font nullfont!
Missing character: There is no 程 in font nullfont!
Missing character: There is no 中 in font nullfont!
Missing character: There is no ， in font nullfont!
Missing character: There is no 的 in font nullfont!
Missing character: There is no 选 in font nullfont!
Missing character: There is no 值 in font nullfont!
Missing character: There is no 比 in font nullfont!
Missing character: There is no 较 in font nullfont!
Missing character: There is no 关 in font nullfont!
Missing character: There is no 键 in font nullfont!
Missing character: There is no ， in font nullfont!
Missing character: There is no 在 in font nullfont!
Missing character: There is no 训 in font nullfont!
Missing character: There is no 练 in font nullfont!
Missing character: There is no 后 in font nullfont!
Missing character: There is no 期 in font nullfont!
Missing character: There is no ， in font nullfont!
Missing character: There is no 错 in font nullfont!
Missing character: There is no 误 in font nullfont!
Missing character: There is no 率 in font nullfont!
Missing character: There is no 容 in font nullfont!
Missing character: There is no 易 in font nullfont!
Missing character: There is no 上 in font nullfont!
Missing character: There is no 下 in font nullfont!
Missing character: There is no 波 in font nullfont!
Missing character: There is no 动 in font nullfont!
Missing character: There is no ， in font nullfont!
Missing character: There is no 难 in font nullfont!
Missing character: There is no 以 in font nullfont!
Missing character: There is no 收 in font nullfont!
Missing character: There is no 敛 in font nullfont!
Missing character: There is no 。 in font nullfont!

Overfull \hbox (43.65747pt too wide) in paragraph at lines 5--6
[]$\OT1/cmr/m/n/10 99%$$\OML/cmm/m/it/10 ^^Q$ 
 []


! LaTeX Error: Missing \begin{document}.

See the LaTeX manual or LaTeX Companion for explanation.
Type  H <return>  for immediate help.
 ...                                              
                                                  
l.7 误
     差反向传播神经网络摆脱了传统方式的局限，突破了依赖线性模型的限制，但在训练后期，常出现错误率不稳定等问题，本文所构建的模型未能在函数逼近拟合等...

You're in trouble here.  Try typing  <return>  to proceed.
If that doesn't work, type  X <return>  to quit.

Missing character: There is no 误 in font nullfont!
Missing character: There is no 差 in font nullfont!
Missing character: There is no 反 in font nullfont!
Missing character: There is no 向 in font nullfont!
Missing character: There is no 传 in font nullfont!
Missing character: There is no 播 in font nullfont!
Missing character: There is no 神 in font nullfont!
Missing character: There is no 经 in font nullfont!
Missing character: There is no 网 in font nullfont!
Missing character: There is no 络 in font nullfont!
Missing character: There is no 摆 in font nullfont!
Missing character: There is no 脱 in font nullfont!
Missing character: There is no 了 in font nullfont!
Missing character: There is no 传 in font nullfont!
Missing character: There is no 统 in font nullfont!
Missing character: There is no 方 in font nullfont!
Missing character: There is no 式 in font nullfont!
Missing character: There is no 的 in font nullfont!
Missing character: There is no 局 in font nullfont!
Missing character: There is no 限 in font nullfont!
Missing character: There is no ， in font nullfont!
Missing character: There is no 突 in font nullfont!
Missing character: There is no 破 in font nullfont!
Missing character: There is no 了 in font nullfont!
Missing character: There is no 依 in font nullfont!
Missing character: There is no 赖 in font nullfont!
Missing character: There is no 线 in font nullfont!
Missing character: There is no 性 in font nullfont!
Missing character: There is no 模 in font nullfont!
Missing character: There is no 型 in font nullfont!
Missing character: There is no 的 in font nullfont!
Missing character: There is no 限 in font nullfont!
Missing character: There is no 制 in font nullfont!
Missing character: There is no ， in font nullfont!
Missing character: There is no 但 in font nullfont!
Missing character: There is no 在 in font nullfont!
Missing character: There is no 训 in font nullfont!
Missing character: There is no 练 in font nullfont!
Missing character: There is no 后 in font nullfont!
Missing character: There is no 期 in font nullfont!
Missing character: There is no ， in font nullfont!
Missing character: There is no 常 in font nullfont!
Missing character: There is no 出 in font nullfont!
Missing character: There is no 现 in font nullfont!
Missing character: There is no 错 in font nullfont!
Missing character: There is no 误 in font nullfont!
Missing character: There is no 率 in font nullfont!
Missing character: There is no 不 in font nullfont!
Missing character: There is no 稳 in font nullfont!
Missing character: There is no 定 in font nullfont!
Missing character: There is no 等 in font nullfont!
Missing character: There is no 问 in font nullfont!
Missing character: There is no 题 in font nullfont!
Missing character: There is no ， in font nullfont!
Missing character: There is no 本 in font nullfont!
Missing character: There is no 文 in font nullfont!
Missing character: There is no 所 in font nullfont!
Missing character: There is no 构 in font nullfont!
Missing character: There is no 建 in font nullfont!
Missing character: There is no 的 in font nullfont!
Missing character: There is no 模 in font nullfont!
Missing character: There is no 型 in font nullfont!
Missing character: There is no 未 in font nullfont!
Missing character: There is no 能 in font nullfont!
Missing character: There is no 在 in font nullfont!
Missing character: There is no 函 in font nullfont!
Missing character: There is no 数 in font nullfont!
Missing character: There is no 逼 in font nullfont!
Missing character: There is no 近 in font nullfont!
Missing character: There is no 拟 in font nullfont!
Missing character: There is no 合 in font nullfont!
Missing character: There is no 等 in font nullfont!
Missing character: There is no 问 in font nullfont!
Missing character: There is no 题 in font nullfont!
Missing character: There is no 上 in font nullfont!
Missing character: There is no 得 in font nullfont!
Missing character: There is no 到 in font nullfont!
Missing character: There is no 很 in font nullfont!
Missing character: There is no 好 in font nullfont!
Missing character: There is no 的 in font nullfont!
Missing character: There is no 应 in font nullfont!
Missing character: There is no 用 in font nullfont!
Missing character: There is no ， in font nullfont!
Missing character: There is no 因 in font nullfont!
Missing character: There is no 此 in font nullfont!
Missing character: There is no ， in font nullfont!
Missing character: There is no 在 in font nullfont!
Missing character: There is no 后 in font nullfont!
Missing character: There is no 续 in font nullfont!
Missing character: There is no 研 in font nullfont!
Missing character: There is no 究 in font nullfont!
Missing character: There is no 中 in font nullfont!
Missing character: There is no 模 in font nullfont!
Missing character: There is no 型 in font nullfont!
Missing character: There is no 仍 in font nullfont!
Missing character: There is no 需 in font nullfont!
Missing character: There is no 改 in font nullfont!
Missing character: There is no 进 in font nullfont!
Missing character: There is no 。 in font nullfont!

Overfull \hbox (20.0pt too wide) in paragraph at lines 7--8
[] 
 []

)
! Emergency stop.
<*> chap05.tex
              
*** (job aborted, no legal \end found)

 
Here is how much of TeX's memory you used:
 6 strings out of 492970
 66 string characters out of 6133517
 63642 words of memory out of 5000000
 4114 multiletter control sequences out of 15000+600000
 3640 words of font info for 14 fonts, out of 8000000 for 9000
 1348 hyphenation exceptions out of 8191
 18i,1n,12p,165b,56s stack positions out of 5000i,500n,10000p,200000b,80000s
No pages of output.
