This is XeTeX, Version 3.14159265-2.6-0.99999 (TeX Live 2018/W32TeX) (preloaded format=xelatex 2018.12.21)  22 DEC 2018 13:46
entering extended mode
 restricted \write18 enabled.
 %&-line parsing enabled.
**chap04.tex
(./chap04.tex
LaTeX2e <2018-04-01> patch level 2
Babel <3.18> and hyphenation patterns for 84 language(s) loaded.
! Undefined control sequence.
l.1 \chapter
            {神经网络的应用实例}
The control sequence at the end of the top line
of your error message was never \def'ed. If you have
misspelled it (e.g., `\hobx'), type `I' and the correct
spelling (e.g., `I\hbox'). Otherwise just continue,
and I'll forget about whatever was undefined.


! LaTeX Error: Missing \begin{document}.

See the LaTeX manual or LaTeX Companion for explanation.
Type  H <return>  for immediate help.
 ...                                              
                                                  
l.1 \chapter{神
              经网络的应用实例}
You're in trouble here.  Try typing  <return>  to proceed.
If that doesn't work, type  X <return>  to quit.

Missing character: There is no 神 in font nullfont!
Missing character: There is no 经 in font nullfont!
Missing character: There is no 网 in font nullfont!
Missing character: There is no 络 in font nullfont!
Missing character: There is no 的 in font nullfont!
Missing character: There is no 应 in font nullfont!
Missing character: There is no 用 in font nullfont!
Missing character: There is no 实 in font nullfont!
Missing character: There is no 例 in font nullfont!
! Undefined control sequence.
l.3 \section
            {圆形分类问题}
The control sequence at the end of the top line
of your error message was never \def'ed. If you have
misspelled it (e.g., `\hobx'), type `I' and the correct
spelling (e.g., `I\hbox'). Otherwise just continue,
and I'll forget about whatever was undefined.

Missing character: There is no 圆 in font nullfont!
Missing character: There is no 形 in font nullfont!
Missing character: There is no 分 in font nullfont!
Missing character: There is no 类 in font nullfont!
Missing character: There is no 问 in font nullfont!
Missing character: There is no 题 in font nullfont!

Overfull \hbox (20.0pt too wide) in paragraph at lines 1--4
[]
 []


! LaTeX Error: Missing \begin{document}.

See the LaTeX manual or LaTeX Companion for explanation.
Type  H <return>  for immediate help.
 ...                                              
                                                  
l.5 首
     先我们将刚构建的神经网络应用到分类问题上，第一个解决的问题是圆形分类问题，即划定一个圆，检测某个点是否在圆内。所以构建的神经网络需要接收两个输...

You're in trouble here.  Try typing  <return>  to proceed.
If that doesn't work, type  X <return>  to quit.

Missing character: There is no 首 in font nullfont!
Missing character: There is no 先 in font nullfont!
Missing character: There is no 我 in font nullfont!
Missing character: There is no 们 in font nullfont!
Missing character: There is no 将 in font nullfont!
Missing character: There is no 刚 in font nullfont!
Missing character: There is no 构 in font nullfont!
Missing character: There is no 建 in font nullfont!
Missing character: There is no 的 in font nullfont!
Missing character: There is no 神 in font nullfont!
Missing character: There is no 经 in font nullfont!
Missing character: There is no 网 in font nullfont!
Missing character: There is no 络 in font nullfont!
Missing character: There is no 应 in font nullfont!
Missing character: There is no 用 in font nullfont!
Missing character: There is no 到 in font nullfont!
Missing character: There is no 分 in font nullfont!
Missing character: There is no 类 in font nullfont!
Missing character: There is no 问 in font nullfont!
Missing character: There is no 题 in font nullfont!
Missing character: There is no 上 in font nullfont!
Missing character: There is no ， in font nullfont!
Missing character: There is no 第 in font nullfont!
Missing character: There is no 一 in font nullfont!
Missing character: There is no 个 in font nullfont!
Missing character: There is no 解 in font nullfont!
Missing character: There is no 决 in font nullfont!
Missing character: There is no 的 in font nullfont!
Missing character: There is no 问 in font nullfont!
Missing character: There is no 题 in font nullfont!
Missing character: There is no 是 in font nullfont!
Missing character: There is no 圆 in font nullfont!
Missing character: There is no 形 in font nullfont!
Missing character: There is no 分 in font nullfont!
Missing character: There is no 类 in font nullfont!
Missing character: There is no 问 in font nullfont!
Missing character: There is no 题 in font nullfont!
Missing character: There is no ， in font nullfont!
Missing character: There is no 即 in font nullfont!
Missing character: There is no 划 in font nullfont!
Missing character: There is no 定 in font nullfont!
Missing character: There is no 一 in font nullfont!
Missing character: There is no 个 in font nullfont!
Missing character: There is no 圆 in font nullfont!
Missing character: There is no ， in font nullfont!
Missing character: There is no 检 in font nullfont!
Missing character: There is no 测 in font nullfont!
Missing character: There is no 某 in font nullfont!
Missing character: There is no 个 in font nullfont!
Missing character: There is no 点 in font nullfont!
Missing character: There is no 是 in font nullfont!
Missing character: There is no 否 in font nullfont!
Missing character: There is no 在 in font nullfont!
Missing character: There is no 圆 in font nullfont!
Missing character: There is no 内 in font nullfont!
Missing character: There is no 。 in font nullfont!
Missing character: There is no 所 in font nullfont!
Missing character: There is no 以 in font nullfont!
Missing character: There is no 构 in font nullfont!
Missing character: There is no 建 in font nullfont!
Missing character: There is no 的 in font nullfont!
Missing character: There is no 神 in font nullfont!
Missing character: There is no 经 in font nullfont!
Missing character: There is no 网 in font nullfont!
Missing character: There is no 络 in font nullfont!
Missing character: There is no 需 in font nullfont!
Missing character: There is no 要 in font nullfont!
Missing character: There is no 接 in font nullfont!
Missing character: There is no 收 in font nullfont!
Missing character: There is no 两 in font nullfont!
Missing character: There is no 个 in font nullfont!
Missing character: There is no 输 in font nullfont!
Missing character: There is no 入 in font nullfont!
Missing character: There is no ， in font nullfont!
Missing character: There is no 一 in font nullfont!
Missing character: There is no 个 in font nullfont!
Missing character: There is no 是 in font nullfont!
Missing character: There is no 该 in font nullfont!
Missing character: There is no 点 in font nullfont!
Missing character: There is no 的 in font nullfont!
LaTeX Font Info:    External font `cmex10' loaded for size
(Font)              <7> on input line 5.
LaTeX Font Info:    External font `cmex10' loaded for size
(Font)              <5> on input line 5.
Missing character: There is no 位 in font nullfont!
Missing character: There is no 置 in font nullfont!
Missing character: There is no ， in font nullfont!
Missing character: There is no 一 in font nullfont!
Missing character: There is no 个 in font nullfont!
Missing character: There is no 是 in font nullfont!
Missing character: There is no 该 in font nullfont!
Missing character: There is no 点 in font nullfont!
Missing character: There is no 的 in font nullfont!
Missing character: There is no 位 in font nullfont!
Missing character: There is no 置 in font nullfont!
Missing character: There is no 。 in font nullfont!
Missing character: There is no 为 in font nullfont!
Missing character: There is no 了 in font nullfont!
Missing character: There is no 使 in font nullfont!
Missing character: There is no 得 in font nullfont!
Missing character: There is no 位 in font nullfont!
Missing character: There is no 置 in font nullfont!
Missing character: There is no 数 in font nullfont!
Missing character: There is no 值 in font nullfont!
Missing character: There is no 归 in font nullfont!
Missing character: There is no 一 in font nullfont!
Missing character: There is no 化 in font nullfont!
Missing character: There is no ， in font nullfont!
Missing character: There is no 点 in font nullfont!
Missing character: There is no 的 in font nullfont!
Missing character: There is no 位 in font nullfont!
Missing character: There is no 置 in font nullfont!
Missing character: There is no 限 in font nullfont!
Missing character: There is no 定 in font nullfont!
Missing character: There is no 在 in font nullfont!
Missing character: There is no 了 in font nullfont!
Missing character: There is no 到 in font nullfont!
Missing character: There is no 之 in font nullfont!
Missing character: There is no 间 in font nullfont!
Missing character: There is no 。 in font nullfont!

Overfull \hbox (47.09724pt too wide) in paragraph at lines 5--6
[]$\OML/cmm/m/it/10 X$$Y$$\OT1/cmr/m/n/10 0$$1$ 
 []

)
! Emergency stop.
<*> chap04.tex
              
*** (job aborted, no legal \end found)

 
Here is how much of TeX's memory you used:
 6 strings out of 492970
 66 string characters out of 6133517
 63642 words of memory out of 5000000
 4114 multiletter control sequences out of 15000+600000
 3640 words of font info for 14 fonts, out of 8000000 for 9000
 1348 hyphenation exceptions out of 8191
 18i,1n,12p,157b,56s stack positions out of 5000i,500n,10000p,200000b,80000s
No pages of output.
